Timing Analyzer report for advisor_ent
Sat Oct 01 00:47:15 2005
Version 5.0 Build 168 06/22/2005 Service Pack 1 SJ Web Edition


---------------------
; Table of Contents ;
---------------------
  1. Legal Notice
  2. Timing Analyzer Summary
  3. Timing Analyzer Settings
  4. tpd
  5. Timing Analyzer Messages



----------------
; Legal Notice ;
----------------
Copyright (C) 1991-2005 Altera Corporation
Your use of Altera Corporation's design tools, logic functions 
and other software and tools, and its AMPP partner logic       
functions, and any output files any of the foregoing           
(including device programming or simulation files), and any    
associated documentation or information are expressly subject  
to the terms and conditions of the Altera Program License      
Subscription Agreement, Altera MegaCore Function License       
Agreement, or other applicable license agreement, including,   
without limitation, that your use is for the sole purpose of   
programming logic devices manufactured by Altera and sold by   
Altera or its authorized distributors.  Please refer to the    
applicable agreement for further details.



+-----------------------------------------------------------------------------------------------------------------------+
; Timing Analyzer Summary                                                                                               ;
+------------------------------+-------+---------------+-------------+------+----+------------+----------+--------------+
; Type                         ; Slack ; Required Time ; Actual Time ; From ; To ; From Clock ; To Clock ; Failed Paths ;
+------------------------------+-------+---------------+-------------+------+----+------------+----------+--------------+
; Worst-case tpd               ; N/A   ; None          ; 7.500 ns    ; B    ; X  ;            ;          ; 0            ;
; Total number of failed paths ;       ;               ;             ;      ;    ;            ;          ; 0            ;
+------------------------------+-------+---------------+-------------+------+----+------------+----------+--------------+


+------------------------------------------------------------------------------------------------------+
; Timing Analyzer Settings                                                                             ;
+-------------------------------------------------------+--------------------+------+----+-------------+
; Option                                                ; Setting            ; From ; To ; Entity Name ;
+-------------------------------------------------------+--------------------+------+----+-------------+
; Device Name                                           ; EPM7128SLC84-7     ;      ;    ;             ;
; Timing Models                                         ; Final              ;      ;    ;             ;
; Number of source nodes to report per destination node ; 10                 ;      ;    ;             ;
; Number of destination nodes to report                 ; 10                 ;      ;    ;             ;
; Number of paths to report                             ; 200                ;      ;    ;             ;
; Minimum tpd to report                                 ; 0.0NS              ;      ;    ;             ;
; Report Minimum Timing Checks                          ; Off                ;      ;    ;             ;
; Use Fast Timing Models                                ; Off                ;      ;    ;             ;
; Report IO Paths Separately                            ; Off                ;      ;    ;             ;
; Default hold multicycle                               ; Same as Multicycle ;      ;    ;             ;
; Cut paths between unrelated clock domains             ; On                 ;      ;    ;             ;
; Cut off read during write signal paths                ; Off                ;      ;    ;             ;
; Cut off feedback from I/O pins                        ; On                 ;      ;    ;             ;
; Report Combined Fast/Slow Timing                      ; Off                ;      ;    ;             ;
; Ignore Clock Settings                                 ; Off                ;      ;    ;             ;
; Analyze latches as synchronous elements               ; Off                ;      ;    ;             ;
; Enable Recovery/Removal analysis                      ; Off                ;      ;    ;             ;
; Enable Clock Latency                                  ; Off                ;      ;    ;             ;
+-------------------------------------------------------+--------------------+------+----+-------------+


+---------------------------------------------------------+
; tpd                                                     ;
+-------+-------------------+-----------------+------+----+
; Slack ; Required P2P Time ; Actual P2P Time ; From ; To ;
+-------+-------------------+-----------------+------+----+
; N/A   ; None              ; 7.500 ns        ; C    ; Y  ;
; N/A   ; None              ; 7.500 ns        ; D    ; Y  ;
; N/A   ; None              ; 7.500 ns        ; E    ; Y  ;
; N/A   ; None              ; 7.500 ns        ; C    ; X  ;
; N/A   ; None              ; 7.500 ns        ; A    ; X  ;
; N/A   ; None              ; 7.500 ns        ; B    ; X  ;
+-------+-------------------+-----------------+------+----+


+--------------------------+
; Timing Analyzer Messages ;
+--------------------------+
Info: *******************************************************************
Info: Running Quartus II Timing Analyzer
    Info: Version 5.0 Build 168 06/22/2005 Service Pack 1 SJ Web Edition
    Info: Processing started: Sat Oct 01 00:47:13 2005
Info: Command: quartus_tan --read_settings_files=off --write_settings_files=off advisor_ent -c advisor_ent
Info: Started post-fitting delay annotation
Info: Delay annotation completed successfully
Info: Longest tpd from source pin "C" to destination pin "Y" is 7.500 ns
    Info: 1: + IC(0.000 ns) + CELL(0.500 ns) = 0.500 ns; Loc. = PIN_52; Fanout = 2; PIN Node = 'C'
    Info: 2: + IC(1.000 ns) + CELL(4.000 ns) = 5.500 ns; Loc. = LC5; Fanout = 1; COMB Node = 'Y~28'
    Info: 3: + IC(0.000 ns) + CELL(2.000 ns) = 7.500 ns; Loc. = PIN_11; Fanout = 0; PIN Node = 'Y'
    Info: Total cell delay = 6.500 ns ( 86.67 % )
    Info: Total interconnect delay = 1.000 ns ( 13.33 % )
Info: Quartus II Timing Analyzer was successful. 0 errors, 0 warnings
    Info: Processing ended: Sat Oct 01 00:47:15 2005
    Info: Elapsed time: 00:00:03


