Flow report for simple
Sat Oct 01 00:50:46 2005
Version 5.0 Build 168 06/22/2005 Service Pack 1 SJ Web Edition


---------------------
; Table of Contents ;
---------------------
  1. Legal Notice
  2. Flow Summary
  3. Flow Settings
  4. Flow Elapsed Time
  5. Flow Log



----------------
; Legal Notice ;
----------------
Copyright (C) 1991-2005 Altera Corporation
Your use of Altera Corporation's design tools, logic functions 
and other software and tools, and its AMPP partner logic       
functions, and any output files any of the foregoing           
(including device programming or simulation files), and any    
associated documentation or information are expressly subject  
to the terms and conditions of the Altera Program License      
Subscription Agreement, Altera MegaCore Function License       
Agreement, or other applicable license agreement, including,   
without limitation, that your use is for the sole purpose of   
programming logic devices manufactured by Altera and sold by   
Altera or its authorized distributors.  Please refer to the    
applicable agreement for further details.



+------------------------------------------------------------------------+
; Flow Summary                                                           ;
+-------------------------+----------------------------------------------+
; Flow Status             ; Successful - Sat Oct 01 00:50:46 2005        ;
; Quartus II Version      ; 5.0 Build 168 06/22/2005 SP 1 SJ Web Edition ;
; Revision Name           ; simple                                       ;
; Top-level Entity Name   ; simple                                       ;
; Family                  ; MAX7000S                                     ;
; Device                  ; EPM7128SLC84-7                               ;
; Timing Models           ; Final                                        ;
; Met timing requirements ; Yes                                          ;
; Total macrocells        ; 2 / 128 ( 1 % )                              ;
; Total pins              ; 11 / 68 ( 16 % )                             ;
+-------------------------+----------------------------------------------+


+-----------------------------------------+
; Flow Settings                           ;
+-------------------+---------------------+
; Option            ; Setting             ;
+-------------------+---------------------+
; Start date & time ; 10/01/2005 00:50:14 ;
; Main task         ; Compilation         ;
; Revision Name     ; simple              ;
+-------------------+---------------------+


+-------------------------------------+
; Flow Elapsed Time                   ;
+----------------------+--------------+
; Module Name          ; Elapsed Time ;
+----------------------+--------------+
; Analysis & Synthesis ; 00:00:09     ;
; Fitter               ; 00:00:04     ;
; Assembler            ; 00:00:03     ;
; Timing Analyzer      ; 00:00:02     ;
; Total                ; 00:00:18     ;
+----------------------+--------------+


------------
; Flow Log ;
------------
quartus_map --read_settings_files=on --write_settings_files=off simple -c simple
quartus_fit --read_settings_files=off --write_settings_files=off simple -c simple
quartus_asm --read_settings_files=off --write_settings_files=off simple -c simple
quartus_tan --read_settings_files=off --write_settings_files=off simple -c simple



