Project Information                   h:\lab9\parallel_data_shift_register.rpt

MAX+plus II Compiler Report File
Version 10.2 07/10/2002
Compiled: 11/08/2005 19:05:00

Copyright (C) 1988-2002 Altera Corporation
Any megafunction design, and related net list (encrypted or decrypted),
support information, device programming or simulation file, and any other
associated documentation or information provided by Altera or a partner
under Altera's Megafunction Partnership Program may be used only to
program PLD devices (but not masked PLD devices) from Altera.  Any other
use of such megafunction design, net list, support information, device
programming or simulation file, or any other related documentation or
information is prohibited for any other purpose, including, but not
limited to modification, reverse engineering, de-compiling, or use with
any other silicon devices, unless such use is explicitly licensed under
a separate agreement with Altera or a megafunction partner.  Title to
the intellectual property, including patents, copyrights, trademarks,
trade secrets, or maskworks, embodied in any such megafunction design,
net list, support information, device programming or simulation file, or
any other related documentation or information provided by Altera or a
megafunction partner, remains with Altera, the megafunction partner, or
their respective licensors.  No other licenses, including any licenses
needed under any third party's intellectual property, are provided herein.



***** Project compilation was successful




** DEVICE SUMMARY **

Chip/                     Input   Output   Bidir         Shareable
POF       Device          Pins    Pins     Pins     LCs  Expanders  % Utilized

parallel_data_shift_register
      EPM7128SLC84-7       6        4        0      8       0           6  %

User Pins:                 6        4        0  



Project Information                   h:\lab9\parallel_data_shift_register.rpt

** FILE HIERARCHY **



|de_ff:4|
|de_ff:6|
|de_ff:3|
|de_ff:7|
|de_ff:2|
|de_ff:8|
|de_ff:1|
|de_ff:9|


Device-Specific Information:          h:\lab9\parallel_data_shift_register.rpt
parallel_data_shift_register

***** Logic for device 'parallel_data_shift_register' compiled without errors.




Device: EPM7128SLC84-7

Device Options:
    Turbo Bit                                    = ON
    Security Bit                                 = OFF
    Enable JTAG Support                        = ON
    User Code                                  = ffff
    MultiVolt I/O                              = OFF

                                R  R                    R  R  R     R        
                                E  E                    E  E  E     E        
                                S  S  V                 S  S  S     S        
                                E  E  C                 E  E  E  V  E        
                             C  R  R  C                 R  R  R  C  R        
                          G  L  V  V  I  G  G  G  G  G  V  V  V  C  V  Q  Q  
              D  D  D  D  N  K  E  E  N  N  N  N  N  N  E  E  E  I  E  4  3  
              4  1  2  3  D  2  D  D  T  D  D  D  D  D  D  D  D  O  D  B  B  
            -----------------------------------------------------------------_ 
          /  11 10  9  8  7  6  5  4  3  2  1 84 83 82 81 80 79 78 77 76 75   | 
    CLK1 | 12                                                              74 | Q2B 
   VCCIO | 13                                                              73 | Q1B 
    #TDI | 14                                                              72 | GND 
RESERVED | 15                                                              71 | #TDO 
RESERVED | 16                                                              70 | RESERVED 
RESERVED | 17                                                              69 | RESERVED 
RESERVED | 18                                                              68 | RESERVED 
     GND | 19                                                              67 | RESERVED 
RESERVED | 20                                                              66 | VCCIO 
RESERVED | 21                                                              65 | RESERVED 
RESERVED | 22                        EPM7128SLC84-7                        64 | RESERVED 
    #TMS | 23                                                              63 | RESERVED 
RESERVED | 24                                                              62 | #TCK 
RESERVED | 25                                                              61 | RESERVED 
   VCCIO | 26                                                              60 | RESERVED 
RESERVED | 27                                                              59 | GND 
RESERVED | 28                                                              58 | RESERVED 
RESERVED | 29                                                              57 | RESERVED 
RESERVED | 30                                                              56 | RESERVED 
RESERVED | 31                                                              55 | RESERVED 
     GND | 32                                                              54 | RESERVED 
         |_  33 34 35 36 37 38 39 40 41 42 43 44 45 46 47 48 49 50 51 52 53  _| 
           ------------------------------------------------------------------ 
              R  R  R  R  R  V  R  R  R  G  V  R  R  R  G  R  R  R  R  R  V  
              E  E  E  E  E  C  E  E  E  N  C  E  E  E  N  E  E  E  E  E  C  
              S  S  S  S  S  C  S  S  S  D  C  S  S  S  D  S  S  S  S  S  C  
              E  E  E  E  E  I  E  E  E     I  E  E  E     E  E  E  E  E  I  
              R  R  R  R  R  O  R  R  R     N  R  R  R     R  R  R  R  R  O  
              V  V  V  V  V     V  V  V     T  V  V  V     V  V  V  V  V     
              E  E  E  E  E     E  E  E        E  E  E     E  E  E  E  E     
              D  D  D  D  D     D  D  D        D  D  D     D  D  D  D  D     


N.C. = No Connect. This pin has no internal connection to the device.
VCCINT = Dedicated power pin, which MUST be connected to VCC (5.0 volts).
VCCIO = Dedicated power pin, which MUST be connected to VCC (5.0 volts).
GND = Dedicated ground pin or unused dedicated input, which MUST be connected to GND.
RESERVED = Unused I/O pin, which MUST be left unconnected.

^ = Dedicated configuration pin.
+ = Reserved configuration pin, which is tri-stated during user mode.
* = Reserved configuration pin, which drives out in user mode.
PDn = Power Down pin. 
@ = Special-purpose pin. 
# = JTAG Boundary-Scan Testing/In-System Programming or Configuration Pin. The JTAG inputs TMS and TDI should be tied to VCC and TCK should be tied to GND when not in use.
& = JTAG pin used for I/O. When used as user I/O, JTAG pins must be kept stable before and during configuration.  JTAG pin stability prevents accidental loading of JTAG instructions.


Device-Specific Information:          h:\lab9\parallel_data_shift_register.rpt
parallel_data_shift_register

** RESOURCE USAGE **

                                                Shareable     External
Logic Array Block     Logic Cells   I/O Pins    Expanders   Interconnect

A:     LC1 - LC16     0/16(  0%)   6/ 8( 75%)   0/16(  0%)   0/36(  0%) 
B:    LC17 - LC32     0/16(  0%)   1/ 8( 12%)   0/16(  0%)   0/36(  0%) 
C:    LC33 - LC48     0/16(  0%)   1/ 8( 12%)   0/16(  0%)   0/36(  0%) 
D:    LC49 - LC64     0/16(  0%)   0/ 8(  0%)   0/16(  0%)   0/36(  0%) 
E:    LC65 - LC80     0/16(  0%)   0/ 8(  0%)   0/16(  0%)   0/36(  0%) 
F:    LC81 - LC96     0/16(  0%)   1/ 8( 12%)   0/16(  0%)   0/36(  0%) 
G:   LC97 - LC112     0/16(  0%)   1/ 8( 12%)   0/16(  0%)   0/36(  0%) 
H:  LC113 - LC128     8/16( 50%)   4/ 8( 50%)   4/16( 25%)  14/36( 38%) 


Total dedicated input pins used:                 0/4      (  0%)
Total I/O pins used:                            14/64     ( 21%)
Total logic cells used:                          8/128    (  6%)
Total shareable expanders used:                  0/128    (  0%)
Total Turbo logic cells used:                    8/128    (  6%)
Total shareable expanders not available (n/a):   4/128    (  3%)
Average fan-in:                                  4.00
Total fan-in:                                    32

Total input pins required:                       6
Total fast input logic cells required:           0
Total output pins required:                      4
Total bidirectional pins required:               0
Total reserved pins required                     4
Total logic cells required:                      8
Total flipflops required:                        0
Total product terms required:                   32
Total logic cells lending parallel expanders:    0
Total shareable expanders in database:           0

Synthesized logic cells:                         8/ 128   (  6%)



Device-Specific Information:          h:\lab9\parallel_data_shift_register.rpt
parallel_data_shift_register

** INPUTS **

                                         Shareable
                                         Expanders     Fan-In    Fan-Out
 Pin     LC  LAB  Primitive    Code   Total Shared n/a INP  FBK  OUT  FBK  Name
  12    (3)  (A)      INPUT               0      0   0    0    0    4    4  CLK1
   6   (13)  (A)      INPUT               0      0   0    0    0    4    0  CLK2
  10    (6)  (A)      INPUT               0      0   0    0    0    1    1  D1
   9    (8)  (A)      INPUT               0      0   0    0    0    1    1  D2
   8   (11)  (A)      INPUT               0      0   0    0    0    1    1  D3
  11    (5)  (A)      INPUT               0      0   0    0    0    1    1  D4


Code:

s = Synthesized pin or logic cell
t = Turbo logic cell
+ = Synchronous flipflop
/ = Slow slew-rate output
! = NOT gate push-back
r = Fitter-inserted logic cell


Device-Specific Information:          h:\lab9\parallel_data_shift_register.rpt
parallel_data_shift_register

** OUTPUTS **

                                         Shareable
                                         Expanders     Fan-In    Fan-Out
 Pin     LC  LAB  Primitive    Code   Total Shared n/a INP  FBK  OUT  FBK  Name
  73    115    H     OUTPUT    s t        1      0   1    3    2    1    0  Q1B
  74    117    H     OUTPUT    s t        1      0   1    3    2    1    0  Q2B
  75    118    H     OUTPUT    s t        1      0   1    3    2    1    0  Q3B
  76    120    H     OUTPUT    s t        1      0   1    3    2    1    0  Q4B


Code:

s = Synthesized pin or logic cell
t = Turbo logic cell
+ = Synchronous flipflop
/ = Slow slew-rate output
! = NOT gate push-back
r = Fitter-inserted logic cell


Device-Specific Information:          h:\lab9\parallel_data_shift_register.rpt
parallel_data_shift_register

** BURIED LOGIC **

                                         Shareable
                                         Expanders     Fan-In    Fan-Out
 Pin     LC  LAB  Primitive    Code   Total Shared n/a INP  FBK  OUT  FBK  Name
   -    113    H      LCELL    s t        0      0   0    2    1    1    1  |de_ff:1|~7~1
   -    114    H      LCELL    s t        0      0   0    2    1    1    1  |de_ff:2|~7~1
   -    119    H      LCELL    s t        0      0   0    2    1    1    1  |de_ff:3|~7~1
   -    116    H      LCELL    s t        0      0   0    2    1    1    1  |de_ff:4|~7~1


Code:

s = Synthesized pin or logic cell
t = Turbo logic cell
+ = Synchronous flipflop
/ = Slow slew-rate output
! = NOT gate push-back
r = Fitter-inserted logic cell


Device-Specific Information:          h:\lab9\parallel_data_shift_register.rpt
parallel_data_shift_register

** LOGIC CELL INTERCONNECTIONS **

Logic Array Block 'H':

                         Logic cells placed in LAB 'H'
        +--------------- LC113 |de_ff:1|~7~1
        | +------------- LC114 |de_ff:2|~7~1
        | | +----------- LC119 |de_ff:3|~7~1
        | | | +--------- LC116 |de_ff:4|~7~1
        | | | | +------- LC115 Q1B
        | | | | | +----- LC117 Q2B
        | | | | | | +--- LC118 Q3B
        | | | | | | | +- LC120 Q4B
        | | | | | | | | 
        | | | | | | | |   Other LABs fed by signals
        | | | | | | | |   that feed LAB 'H'
LC      | | | | | | | | | A B C D E F G H |     Logic cells that feed LAB 'H':
LC113-> * - - - * - - - | - - - - - - - * | <-- |de_ff:1|~7~1
LC114-> - * - - - * - - | - - - - - - - * | <-- |de_ff:2|~7~1
LC119-> - - * - - - * - | - - - - - - - * | <-- |de_ff:3|~7~1
LC116-> - - - * - - - * | - - - - - - - * | <-- |de_ff:4|~7~1
LC115-> - - - - * - - - | - - - - - - - * | <-- Q1B
LC117-> - - - - - * - - | - - - - - - - * | <-- Q2B
LC118-> - - - - - - * - | - - - - - - - * | <-- Q3B
LC120-> - - - - - - - * | - - - - - - - * | <-- Q4B

Pin
12   -> * * * * * * * * | - - - - - - - * | <-- CLK1
6    -> - - - - * * * * | - - - - - - - * | <-- CLK2
10   -> * - - - * - - - | - - - - - - - * | <-- D1
9    -> - * - - - * - - | - - - - - - - * | <-- D2
8    -> - - * - - - * - | - - - - - - - * | <-- D3
11   -> - - - * - - - * | - - - - - - - * | <-- D4


* = The logic cell or pin is an input to the logic cell (or LAB) through the PIA.
- = The logic cell or pin is not an input to the logic cell (or LAB).


Device-Specific Information:          h:\lab9\parallel_data_shift_register.rpt
parallel_data_shift_register

** EQUATIONS **

CLK1     : INPUT;
CLK2     : INPUT;
D1       : INPUT;
D2       : INPUT;
D3       : INPUT;
D4       : INPUT;

-- Node name is 'Q1B' = '|de_ff:9|~6~1' 
-- Equation name is 'Q1B', type is output 
 Q1B     = LCELL( _EQ001 $  GND);
  _EQ001 =  CLK1 &  CLK2 &  D1
         # !CLK2 &  Q1B
         #  CLK2 & !_LC113
         #  CLK1 &  D1 &  Q1B
         # !_LC113 &  Q1B;

-- Node name is 'Q2B' = '|de_ff:8|~6~1' 
-- Equation name is 'Q2B', type is output 
 Q2B     = LCELL( _EQ002 $  GND);
  _EQ002 =  CLK1 &  CLK2 &  D2
         # !CLK2 &  Q2B
         #  CLK2 & !_LC114
         #  CLK1 &  D2 &  Q2B
         # !_LC114 &  Q2B;

-- Node name is 'Q3B' = '|de_ff:7|~6~1' 
-- Equation name is 'Q3B', type is output 
 Q3B     = LCELL( _EQ003 $  GND);
  _EQ003 =  CLK1 &  CLK2 &  D3
         # !CLK2 &  Q3B
         #  CLK2 & !_LC119
         #  CLK1 &  D3 &  Q3B
         # !_LC119 &  Q3B;

-- Node name is 'Q4B' = '|de_ff:6|~6~1' 
-- Equation name is 'Q4B', type is output 
 Q4B     = LCELL( _EQ004 $  GND);
  _EQ004 =  CLK1 &  CLK2 &  D4
         # !CLK2 &  Q4B
         #  CLK2 & !_LC116
         #  CLK1 &  D4 &  Q4B
         # !_LC116 &  Q4B;

-- Node name is '|de_ff:1|~7~1' 
-- Equation name is '_LC113', type is buried 
-- synthesized logic cell 
_LC113   = LCELL( _EQ005 $  GND);
  _EQ005 =  CLK1 & !D1
         # !CLK1 &  _LC113
         # !D1 &  _LC113;

-- Node name is '|de_ff:2|~7~1' 
-- Equation name is '_LC114', type is buried 
-- synthesized logic cell 
_LC114   = LCELL( _EQ006 $  GND);
  _EQ006 =  CLK1 & !D2
         # !CLK1 &  _LC114
         # !D2 &  _LC114;

-- Node name is '|de_ff:3|~7~1' 
-- Equation name is '_LC119', type is buried 
-- synthesized logic cell 
_LC119   = LCELL( _EQ007 $  GND);
  _EQ007 =  CLK1 & !D3
         # !CLK1 &  _LC119
         # !D3 &  _LC119;

-- Node name is '|de_ff:4|~7~1' 
-- Equation name is '_LC116', type is buried 
-- synthesized logic cell 
_LC116   = LCELL( _EQ008 $  GND);
  _EQ008 =  CLK1 & !D4
         # !CLK1 &  _LC116
         # !D4 &  _LC116;



--     Shareable expanders that are duplicated in multiple LABs:
--     (none)




Project Information                   h:\lab9\parallel_data_shift_register.rpt

** COMPILATION SETTINGS & TIMES **

Processing Menu Commands
------------------------

Design Doctor                             = off

Logic Synthesis:

   Synthesis Type Used                    = Standard

   Default Synthesis Style                = NORMAL

      Logic option settings in 'NORMAL' style for 'MAX7000S' family

      DECOMPOSE_GATES                     = on
      DUPLICATE_LOGIC_EXTRACTION          = on
      MINIMIZATION                        = full
      MULTI_LEVEL_FACTORING               = on
      NOT_GATE_PUSH_BACK                  = on
      PARALLEL_EXPANDERS                  = off
      REDUCE_LOGIC                        = on
      REFACTORIZATION                     = on
      REGISTER_OPTIMIZATION               = on
      RESYNTHESIZE_NETWORK                = on
      SLOW_SLEW_RATE                      = off
      SOFT_BUFFER_INSERTION               = on
      SUBFACTOR_EXTRACTION                = on
      TURBO_BIT                           = on
      XOR_SYNTHESIS                       = on
      IGNORE_SOFT_BUFFERS                 = off
      USE_LPM_FOR_AHDL_OPERATORS          = off

   Other logic synthesis settings:

      Automatic Global Clock              = on
      Automatic Global Clear              = on
      Automatic Global Preset             = on
      Automatic Global Output Enable      = on
      Automatic Fast I/O                  = off
      Automatic Register Packing          = off
      Automatic Open-Drain Pins           = on
      Automatic Implement in EAB          = off
      One-Hot State Machine Encoding      = off
      Optimize                            = 5

Default Timing Specifications: None

Cut All Bidir Feedback Timing Paths       = on
Cut All Clear & Preset Timing Paths       = on

Ignore Timing Assignments                 = off

Functional SNF Extractor                  = off

Linked SNF Extractor                      = off
Timing SNF Extractor                      = on
Optimize Timing SNF                       = off
Generate AHDL TDO File                    = off
Fitter Settings                           = NORMAL
Smart Recompile                           = off
Total Recompile                           = off

Interfaces Menu Commands
------------------------

EDIF Netlist Writer                       = off
Verilog Netlist Writer                    = off
VHDL Netlist Writer                       = off

Compilation Times
-----------------

   Compiler Netlist Extractor             00:00:00
   Database Builder                       00:00:00
   Logic Synthesizer                      00:00:00
   Partitioner                            00:00:00
   Fitter                                 00:00:01
   Timing SNF Extractor                   00:00:00
   Assembler                              00:00:01
   --------------------------             --------
   Total Time                             00:00:02


Memory Allocated
-----------------

Peak memory allocated during compilation  = 3,913K
