*** OSInitHookBegin  PID=11752  TID=11752
--- PID schedule thread = 11753  interrupt thread = 11754
Setting hScheduleThread priority failed
Setting hInterruptThread priority failed
*** OSScheduleThread First Call 0  0  PID=11753  TID=11753
--- OSScheduleThread: Going to pause ---
*** OSInterruptThread First Call  PID=11754  TID=11754
--- OSInterruptThread: Going to pause ---
*** OSTaskStkInit
*** OSTaskStkInit end
*** OSTaskCreateHook 63
--- PID new Task = 11755
--- Sending signal SIGSTOP to self 63 ---
*** OSTaskStkInit
*** OSTaskStkInit end
*** OSTaskCreateHook 62
--- Sending signal SIGSTOP to self 62 ---
--- PID new Task = 11756
*** OSTaskStkInit
*** OSTaskStkInit end
*** OSTaskCreateHook 59
--- PID new Task = 11757
--- Sending signal SIGSTOP to self 59 ---
*** OSTaskStkInit
*** OSTaskStkInit end
*** OSTaskCreateHook 10
--- PID new Task = 11758
--- Sending signal SIGSTOP to self 10 ---
*** OSTimeTickInit
*** OSStartHighRdy   from 10 to 10
--- Sending signal hScheduleEvent to PID=11753
--- OSScheduleEventHandler ---
--- OSScheduleThread: Resume from pause ---
*** OSScheduleThread from 10 to 10  PID=11753  TID=11753
--- Sending signal SIGCONT to PID=11758
--- OSScheduleThread: Going to pause ---
--- OSScheduleEventHandler ---
--- Continuing task 10 ---
*** OSCtxSw          from 10 to 59
--- OSScheduleEventHandler ---
--- OSScheduleThread: Resume from pause ---
*** OSScheduleThread from 10 to 59  PID=11753  TID=11753
--- Sending signal SIGSTOP to PID=11758
--- Sending signal SIGCONT to PID=11757
--- OSScheduleThread: Going to pause ---
--- OSScheduleEventHandler ---
--- Continuing task 59 ---
*** OSCtxSw          from 59 to 62
*** OSCtxSw          from 59 to 62
*** OSCtxSw          from 59 to 62
*** OSCtxSw          from 59 to 62
*** OSCtxSw          from 59 to 62
*** OSCtxSw          from 59 to 62
*** OSCtxSw          from 59 to 62
*** OSCtxSw          from 59 to 62
*** OSCtxSw          from 59 to 62
*** OSCtxSw          from 59 to 62
*** OSCtxSw          from 59 to 62
*** OSCtxSw          from 59 to 62
*** OSCtxSw          from 59 to 62
*** OSCtxSw          from 59 to 62
*** OSCtxSw          from 59 to 62
*** OSCtxSw          from 59 to 62
*** OSCtxSw          from 59 to 62
*** OSCtxSw          from 59 to 62
*** OSCtxSw          from 59 to 62
*** OSCtxSw          from 59 to 62
*** OSCtxSw          from 59 to 62
*** OSCtxSw          from 59 to 62
*** OSCtxSw          from 59 to 62
*** OSCtxSw          from 59 to 62
*** OSCtxSw          from 59 to 62
*** OSCtxSw          from 59 to 62
*** OSCtxSw          from 59 to 62
*** OSCtxSw          from 59 to 62
*** OSCtxSw          from 59 to 62
*** OSCtxSw          from 59 to 62
*** OSCtxSw          from 59 to 62
*** OSCtxSw          from 59 to 62
*** OSCtxSw          from 59 to 62
*** OSCtxSw          from 59 to 62
*** OSCtxSw          from 59 to 62
*** OSCtxSw          from 59 to 62
*** OSCtxSw          from 59 to 62
*** OSCtxSw          from 59 to 62
*** OSCtxSw          from 59 to 62
*** OSCtxSw          from 59 to 62
*** OSCtxSw          from 59 to 62
*** OSCtxSw          from 59 to 62
*** OSCtxSw          from 59 to 62
*** OSCtxSw          from 59 to 62
*** OSCtxSw          from 59 to 62
*** OSCtxSw          from 59 to 62
*** OSCtxSw          from 59 to 62
*** OSCtxSw          from 59 to 62
*** OSCtxSw          from 59 to 62
*** OSCtxSw          from 59 to 62
*** OSCtxSw          from 59 to 62
*** OSCtxSw          from 59 to 62
*** OSCtxSw          from 59 to 62
*** OSCtxSw          from 59 to 62
*** OSCtxSw          from 59 to 62
*** OSCtxSw          from 59 to 62
*** OSCtxSw          from 59 to 62
*** OSCtxSw          from 59 to 62
*** OSCtxSw          from 59 to 62
*** OSCtxSw          from 59 to 62
*** OSCtxSw          from 59 to 62
*** OSCtxSw          from 59 to 62
*** OSCtxSw          from 59 to 62
*** OSCtxSw          from 59 to 62
*** OSCtxSw          from 59 to 62
*** OSCtxSw          from 59 to 62
*** OSCtxSw          from 59 to 62
*** OSCtxSw          from 59 to 62
*** OSCtxSw          from 59 to 62
*** OSCtxSw          from 59 to 62
*** OSCtxSw          from 59 to 62
*** OSCtxSw          from 59 to 62
*** OSCtxSw          from 59 to 62
*** OSCtxSw          from 59 to 62
*** OSCtxSw          from 59 to 62
*** OSCtxSw          from 59 to 62
*** OSCtxSw          from 59 to 62
*** OSCtxSw          from 59 to 62
*** OSCtxSw          from 59 to 62
*** OSCtxSw          from 59 to 62
*** OSCtxSw          from 59 to 62
*** OSCtxSw          from 59 to 62
*** OSCtxSw          from 59 to 62
*** OSCtxSw          from 59 to 62
*** OSCtxSw          from 59 to 62
*** OSCtxSw          from 59 to 62
*** OSCtxSw          from 59 to 62
*** OSCtxSw          from 59 to 62
*** OSCtxSw          from 59 to 62
*** OSCtxSw          from 59 to 62
*** OSCtxSw          from 59 to 62
*** OSCtxSw          from 59 to 62
*** OSCtxSw          from 59 to 62
*** OSCtxSw          from 59 to 62
*** OSCtxSw          from 59 to 62
*** OSCtxSw          from 59 to 62
*** OSCtxSw          from 59 to 62
*** OSCtxSw          from 59 to 62
*** OSCtxSw          from 59 to 62
*** OSCtxSw          from 59 to 62
*** OSCtxSw          from 59 to 62
*** OSCtxSw          from 59 to 62
*** OSCtxSw          from 59 to 62
*** OSCtxSw          from 59 to 62
*** OSCtxSw          from 59 to 62
*** OSCtxSw          from 59 to 62
*** OSCtxSw          from 59 to 62
*** OSCtxSw          from 59 to 62
*** OSCtxSw          from 59 to 62
*** OSCtxSw          from 59 to 62
*** OSCtxSw          from 59 to 62
*** OSCtxSw          from 59 to 62
*** OSCtxSw          from 59 to 62
*** OSCtxSw          from 59 to 62
*** OSCtxSw          from 59 to 62
*** OSCtxSw          from 59 to 62
*** OSCtxSw          from 59 to 62
*** OSCtxSw          from 59 to 62
*** OSCtxSw          from 59 to 62
*** OSCtxSw          from 59 to 62
*** OSCtxSw          from 59 to 62
*** OSCtxSw          from 59 to 62
*** OSCtxSw          from 59 to 62
*** OSCtxSw          from 59 to 62
*** OSCtxSw          from 59 to 62
*** OSCtxSw          from 59 to 62
*** OSCtxSw          from 59 to 62
*** OSCtxSw          from 59 to 62
*** OSCtxSw          from 59 to 62
*** OSCtxSw          from 59 to 62
*** OSCtxSw          from 59 to 62
*** OSCtxSw          from 59 to 62
*** OSCtxSw          from 59 to 62
*** OSCtxSw          from 59 to 62
*** OSCtxSw          from 59 to 62
*** OSCtxSw          from 59 to 62
*** OSCtxSw          from 59 to 62
*** OSCtxSw          from 59 to 62
*** OSCtxSw          from 59 to 62
*** OSCtxSw          from 59 to 62
*** OSCtxSw          from 59 to 62
*** OSCtxSw          from 59 to 62
*** OSCtxSw          from 59 to 62
*** OSCtxSw          from 59 to 62
*** OSCtxSw          from 59 to 62
*** OSCtxSw          from 59 to 62
*** OSCtxSw          from 59 to 62
*** OSCtxSw          from 59 to 62
*** OSCtxSw          from 59 to 62
*** OSCtxSw          from 59 to 62
*** OSCtxSw          from 59 to 62
*** OSCtxSw          from 59 to 62
*** OSCtxSw          from 59 to 62
*** OSCtxSw          from 59 to 62
*** OSCtxSw          from 59 to 62
*** OSCtxSw          from 59 to 62
*** OSCtxSw          from 59 to 62
*** OSCtxSw          from 59 to 62
*** OSCtxSw          from 59 to 62
*** OSCtxSw          from 59 to 62
*** OSCtxSw          from 59 to 62
*** OSCtxSw          from 59 to 62
*** OSCtxSw          from 59 to 62
*** OSCtxSw          from 59 to 62
*** OSCtxSw          from 59 to 62
*** OSCtxSw          from 59 to 62
*** OSCtxSw          from 59 to 62
*** OSCtxSw          from 59 to 62
*** OSCtxSw          from 59 to 62
*** OSCtxSw          from 59 to 62
*** OSCtxSw          from 59 to 62
*** OSCtxSw          from 59 to 62
*** OSCtxSw          from 59 to 62
*** OSCtxSw          from 59 to 62
*** OSCtxSw          from 59 to 62
*** OSCtxSw          from 59 to 62
*** OSCtxSw          from 59 to 62
*** OSCtxSw          from 59 to 62
*** OSCtxSw          from 59 to 62
*** OSCtxSw          from 59 to 62
*** OSCtxSw          from 59 to 62
*** OSCtxSw          from 59 to 62
*** OSCtxSw          from 59 to 62
*** OSCtxSw          from 59 to 62
*** OSCtxSw          from 59 to 62
*** OSCtxSw          from 59 to 62
*** OSCtxSw          from 59 to 62
*** OSCtxSw          from 59 to 62
*** OSCtxSw          from 59 to 62
*** OSCtxSw          from 59 to 62
*** OSCtxSw          from 59 to 62
*** OSCtxSw          from 59 to 62
*** OSCtxSw          from 59 to 62
*** OSCtxSw          from 59 to 62
*** OSCtxSw          from 59 to 62
*** OSCtxSw          from 59 to 62
*** OSCtxSw          from 59 to 62
*** OSCtxSw          from 59 to 62
*** OSCtxSw          from 59 to 62
*** OSCtxSw          from 59 to 62
*** OSCtxSw          from 59 to 62
*** OSCtxSw          from 59 to 62
*** OSCtxSw          from 59 to 62
*** OSCtxSw          from 59 to 62
*** OSCtxSw          from 59 to 62
*** OSCtxSw          from 59 to 62
*** OSCtxSw          from 59 to 62
*** OSCtxSw          from 59 to 62
*** OSCtxSw          from 59 to 62
*** OSCtxSw          from 59 to 62
*** OSCtxSw          from 59 to 62
*** OSCtxSw          from 59 to 62
*** OSCtxSw          from 59 to 62
*** OSCtxSw          from 59 to 62
*** OSCtxSw          from 59 to 62
*** OSCtxSw          from 59 to 62
*** OSCtxSw          from 59 to 62
*** OSCtxSw          from 59 to 62
*** OSCtxSw          from 59 to 62
*** OSCtxSw          from 59 to 62
*** OSCtxSw          from 59 to 62
*** OSCtxSw          from 59 to 62
*** OSCtxSw          from 59 to 62
*** OSCtxSw          from 59 to 62
*** OSCtxSw          from 59 to 62
*** OSCtxSw          from 59 to 62
*** OSCtxSw          from 59 to 62
*** OSCtxSw          from 59 to 62
*** OSCtxSw          from 59 to 62
*** OSCtxSw          from 59 to 62
*** OSCtxSw          from 59 to 62
*** OSCtxSw          from 59 to 62
*** OSCtxSw          from 59 to 62
*** OSCtxSw          from 59 to 62
*** OSCtxSw          from 59 to 62
*** OSCtxSw          from 59 to 62
*** OSCtxSw          from 59 to 62
*** OSCtxSw          from 59 to 62
*** OSCtxSw          from 59 to 62
*** OSCtxSw          from 59 to 62
*** OSCtxSw          from 59 to 62
*** OSCtxSw          from 59 to 62
*** OSCtxSw          from 59 to 62
*** OSCtxSw          from 59 to 62
*** OSCtxSw          from 59 to 62
*** OSCtxSw          from 59 to 62
*** OSCtxSw          from 59 to 62
*** OSCtxSw          from 59 to 62
*** OSCtxSw          from 59 to 62
*** OSCtxSw          from 59 to 62
*** OSCtxSw          from 59 to 62
*** OSCtxSw          from 59 to 62
*** OSCtxSw          from 59 to 62
*** OSCtxSw          from 59 to 62
*** OSCtxSw          from 59 to 62
*** OSCtxSw          from 59 to 62
*** OSCtxSw          from 59 to 62
*** OSCtxSw          from 59 to 62
*** OSCtxSw          from 59 to 62
*** OSCtxSw          from 59 to 62
*** OSCtxSw          from 59 to 62
*** OSCtxSw          from 59 to 62
*** OSCtxSw          from 59 to 62
--- OSScheduleEventHandler ---
*** OSCtxSw          from 59 to 62
--- OSScheduleEventHandler ---
*** OSCtxSw          from 59 to 62
--- OSScheduleEventHandler ---
--- OSScheduleEventHandler ---
*** OSCtxSw          from 59 to 62
--- OSScheduleEventHandler ---
*** OSCtxSw          from 59 to 62
--- OSScheduleThread: Resume from pause ---
--- OSScheduleEventHandler ---
*** OSCtxSw          from 59 to 62
--- OSScheduleEventHandler ---
*** OSCtxSw          from 59 to 62
--- OSScheduleEventHandler ---
*** OSCtxSw          from 62 to 63
--- OSScheduleEventHandler ---
*** OSCtxSw          from 62 to 63
*** OSScheduleThread from 59 to 62  PID=11753  TID=11753
--- OSScheduleEventHandler ---
*** OSCtxSw          from 62 to 63
--- OSScheduleEventHandler ---
*** OSCtxSw          from 62 to 63
--- OSScheduleEventHandler ---
*** OSCtxSw          from 62 to 63
--- OSScheduleEventHandler ---
*** OSCtxSw          from 62 to 63
--- OSScheduleEventHandler ---
*** OSCtxSw          from 62 to 63
--- Sending signal SIGSTOP to PID=11757
--- OSScheduleEventHandler ---
*** OSCtxSw          from 62 to 63
--- Sending signal SIGCONT to PID=11756
--- OSScheduleThread: Going to pause ---
--- OSScheduleEventHandler ---
--- OSScheduleThread: Resume from pause ---
--- Continuing task 62 ---
*** OSScheduleThread from 62 to 63  PID=11753  TID=11753
*** OSInitHookBegin  PID=11765  TID=11765
--- PID schedule thread = 11766  interrupt thread = 11767
Setting hScheduleThread priority failed
Setting hInterruptThread priority failed
*** OSScheduleThread First Call 0  0  PID=11766  TID=11766
--- OSScheduleThread: Going to pause ---
*** OSInterruptThread First Call  PID=11767  TID=11767
--- OSInterruptThread: Going to pause ---
*** OSTaskStkInit
*** OSTaskStkInit end
*** OSTaskCreateHook 63
--- PID new Task = 11768
--- Sending signal SIGSTOP to self 63 ---
*** OSTaskStkInit
*** OSTaskStkInit end
*** OSTaskCreateHook 62
--- PID new Task = 11769
--- Sending signal SIGSTOP to self 62 ---
*** OSTaskStkInit
*** OSTaskStkInit end
*** OSTaskCreateHook 59
--- PID new Task = 11770
--- Sending signal SIGSTOP to self 59 ---
*** OSTaskStkInit
*** OSTaskStkInit end
*** OSTaskCreateHook 10
--- PID new Task = 11771
--- Sending signal SIGSTOP to self 10 ---
*** OSTimeTickInit
*** OSStartHighRdy   from 10 to 10
--- Sending signal hScheduleEvent to PID=11766
--- OSScheduleEventHandler ---
--- OSScheduleThread: Resume from pause ---
*** OSScheduleThread from 10 to 10  PID=11766  TID=11766
--- Sending signal SIGCONT to PID=11771
--- OSScheduleThread: Going to pause ---
--- OSScheduleEventHandler ---
--- Continuing task 10 ---
*** OSCtxSw          from 10 to 59
--- OSScheduleEventHandler ---
--- OSScheduleThread: Resume from pause ---
*** OSScheduleThread from 10 to 59  PID=11766  TID=11766
--- Sending signal SIGSTOP to PID=11771
--- Sending signal SIGCONT to PID=11770
--- OSScheduleThread: Going to pause ---
--- OSScheduleEventHandler ---
--- Continuing task 59 ---
*** OSCtxSw          from 59 to 62
*** OSCtxSw          from 59 to 62
*** OSCtxSw          from 59 to 62
*** OSCtxSw          from 59 to 62
*** OSCtxSw          from 59 to 62
*** OSCtxSw          from 59 to 62
*** OSCtxSw          from 59 to 62
*** OSCtxSw          from 59 to 62
*** OSCtxSw          from 59 to 62
*** OSCtxSw          from 59 to 62
*** OSCtxSw          from 59 to 62
*** OSCtxSw          from 59 to 62
*** OSCtxSw          from 59 to 62
*** OSCtxSw          from 59 to 62
*** OSCtxSw          from 59 to 62
*** OSCtxSw          from 59 to 62
*** OSCtxSw          from 59 to 62
*** OSCtxSw          from 59 to 62
*** OSCtxSw          from 59 to 62
*** OSCtxSw          from 59 to 62
*** OSCtxSw          from 59 to 62
*** OSCtxSw          from 59 to 62
*** OSCtxSw          from 59 to 62
*** OSCtxSw          from 59 to 62
*** OSCtxSw          from 59 to 62
*** OSCtxSw          from 59 to 62
*** OSCtxSw          from 59 to 62
*** OSCtxSw          from 59 to 62
*** OSCtxSw          from 59 to 62
*** OSCtxSw          from 59 to 62
*** OSCtxSw          from 59 to 62
*** OSCtxSw          from 59 to 62
*** OSCtxSw          from 59 to 62
*** OSCtxSw          from 59 to 62
*** OSCtxSw          from 59 to 62
*** OSCtxSw          from 59 to 62
*** OSCtxSw          from 59 to 62
*** OSCtxSw          from 59 to 62
*** OSCtxSw          from 59 to 62
*** OSCtxSw          from 59 to 62
*** OSCtxSw          from 59 to 62
*** OSCtxSw          from 59 to 62
*** OSCtxSw          from 59 to 62
*** OSCtxSw          from 59 to 62
*** OSCtxSw          from 59 to 62
*** OSCtxSw          from 59 to 62
*** OSCtxSw          from 59 to 62
*** OSCtxSw          from 59 to 62
*** OSCtxSw          from 59 to 62
*** OSCtxSw          from 59 to 62
*** OSCtxSw          from 59 to 62
*** OSCtxSw          from 59 to 62
*** OSCtxSw          from 59 to 62
*** OSCtxSw          from 59 to 62
*** OSCtxSw          from 59 to 62
*** OSCtxSw          from 59 to 62
*** OSCtxSw          from 59 to 62
*** OSCtxSw          from 59 to 62
*** OSCtxSw          from 59 to 62
*** OSCtxSw          from 59 to 62
*** OSCtxSw          from 59 to 62
*** OSCtxSw          from 59 to 62
*** OSCtxSw          from 59 to 62
*** OSCtxSw          from 59 to 62
*** OSCtxSw          from 59 to 62
*** OSCtxSw          from 59 to 62
*** OSCtxSw          from 59 to 62
*** OSCtxSw          from 59 to 62
*** OSCtxSw          from 59 to 62
*** OSCtxSw          from 59 to 62
*** OSCtxSw          from 59 to 62
*** OSCtxSw          from 59 to 62
*** OSCtxSw          from 59 to 62
*** OSCtxSw          from 59 to 62
*** OSCtxSw          from 59 to 62
*** OSCtxSw          from 59 to 62
*** OSCtxSw          from 59 to 62
*** OSCtxSw          from 59 to 62
*** OSCtxSw          from 59 to 62
*** OSCtxSw          from 59 to 62
*** OSCtxSw          from 59 to 62
*** OSCtxSw          from 59 to 62
*** OSCtxSw          from 59 to 62
*** OSCtxSw          from 59 to 62
*** OSCtxSw          from 59 to 62
*** OSCtxSw          from 59 to 62
*** OSCtxSw          from 59 to 62
*** OSCtxSw          from 59 to 62
*** OSCtxSw          from 59 to 62
*** OSCtxSw          from 59 to 62
*** OSCtxSw          from 59 to 62
*** OSCtxSw          from 59 to 62
*** OSCtxSw          from 59 to 62
*** OSCtxSw          from 59 to 62
*** OSCtxSw          from 59 to 62
*** OSCtxSw          from 59 to 62
*** OSCtxSw          from 59 to 62
*** OSCtxSw          from 59 to 62
*** OSCtxSw          from 59 to 62
*** OSCtxSw          from 59 to 62
*** OSCtxSw          from 59 to 62
*** OSCtxSw          from 59 to 62
*** OSCtxSw          from 59 to 62
*** OSCtxSw          from 59 to 62
*** OSCtxSw          from 59 to 62
*** OSCtxSw          from 59 to 62
*** OSCtxSw          from 59 to 62
*** OSCtxSw          from 59 to 62
*** OSCtxSw          from 59 to 62
*** OSCtxSw          from 59 to 62
*** OSCtxSw          from 59 to 62
*** OSCtxSw          from 59 to 62
*** OSCtxSw          from 59 to 62
*** OSCtxSw          from 59 to 62
*** OSCtxSw          from 59 to 62
*** OSCtxSw          from 59 to 62
*** OSCtxSw          from 59 to 62
*** OSCtxSw          from 59 to 62
*** OSCtxSw          from 59 to 62
*** OSCtxSw          from 59 to 62
*** OSCtxSw          from 59 to 62
*** OSCtxSw          from 59 to 62
*** OSCtxSw          from 59 to 62
*** OSCtxSw          from 59 to 62
*** OSCtxSw          from 59 to 62
*** OSCtxSw          from 59 to 62
*** OSCtxSw          from 59 to 62
*** OSCtxSw          from 59 to 62
*** OSCtxSw          from 59 to 62
*** OSCtxSw          from 59 to 62
*** OSCtxSw          from 59 to 62
*** OSCtxSw          from 59 to 62
*** OSCtxSw          from 59 to 62
*** OSCtxSw          from 59 to 62
*** OSCtxSw          from 59 to 62
*** OSCtxSw          from 59 to 62
*** OSCtxSw          from 59 to 62
*** OSCtxSw          from 59 to 62
*** OSCtxSw          from 59 to 62
*** OSCtxSw          from 59 to 62
*** OSCtxSw          from 59 to 62
*** OSCtxSw          from 59 to 62
*** OSCtxSw          from 59 to 62
*** OSCtxSw          from 59 to 62
*** OSCtxSw          from 59 to 62
*** OSCtxSw          from 59 to 62
*** OSCtxSw          from 59 to 62
*** OSCtxSw          from 59 to 62
*** OSCtxSw          from 59 to 62
*** OSCtxSw          from 59 to 62
*** OSCtxSw          from 59 to 62
*** OSCtxSw          from 59 to 62
*** OSCtxSw          from 59 to 62
*** OSCtxSw          from 59 to 62
*** OSCtxSw          from 59 to 62
*** OSCtxSw          from 59 to 62
*** OSCtxSw          from 59 to 62
*** OSCtxSw          from 59 to 62
*** OSCtxSw          from 59 to 62
*** OSCtxSw          from 59 to 62
*** OSCtxSw          from 59 to 62
*** OSCtxSw          from 59 to 62
*** OSCtxSw          from 59 to 62
*** OSCtxSw          from 59 to 62
*** OSCtxSw          from 59 to 62
*** OSCtxSw          from 59 to 62
*** OSCtxSw          from 59 to 62
*** OSCtxSw          from 59 to 62
*** OSCtxSw          from 59 to 62
*** OSCtxSw          from 59 to 62
*** OSCtxSw          from 59 to 62
*** OSCtxSw          from 59 to 62
*** OSCtxSw          from 59 to 62
*** OSCtxSw          from 59 to 62
*** OSCtxSw          from 59 to 62
*** OSCtxSw          from 59 to 62
*** OSCtxSw          from 59 to 62
*** OSCtxSw          from 59 to 62
*** OSCtxSw          from 59 to 62
*** OSCtxSw          from 59 to 62
*** OSCtxSw          from 59 to 62
*** OSCtxSw          from 59 to 62
*** OSCtxSw          from 59 to 62
*** OSCtxSw          from 59 to 62
*** OSCtxSw          from 59 to 62
*** OSCtxSw          from 59 to 62
*** OSCtxSw          from 59 to 62
*** OSCtxSw          from 59 to 62
*** OSCtxSw          from 59 to 62
*** OSCtxSw          from 59 to 62
*** OSCtxSw          from 59 to 62
*** OSCtxSw          from 59 to 62
*** OSCtxSw          from 59 to 62
*** OSCtxSw          from 59 to 62
*** OSCtxSw          from 59 to 62
*** OSCtxSw          from 59 to 62
*** OSCtxSw          from 59 to 62
*** OSCtxSw          from 59 to 62
*** OSCtxSw          from 59 to 62
*** OSCtxSw          from 59 to 62
*** OSCtxSw          from 59 to 62
*** OSCtxSw          from 59 to 62
*** OSCtxSw          from 59 to 62
*** OSCtxSw          from 59 to 62
*** OSCtxSw          from 59 to 62
*** OSCtxSw          from 59 to 62
*** OSCtxSw          from 59 to 62
*** OSCtxSw          from 59 to 62
*** OSCtxSw          from 59 to 62
*** OSCtxSw          from 59 to 62
*** OSCtxSw          from 59 to 62
*** OSCtxSw          from 59 to 62
*** OSCtxSw          from 59 to 62
*** OSCtxSw          from 59 to 62
*** OSCtxSw          from 59 to 62
*** OSCtxSw          from 59 to 62
*** OSCtxSw          from 59 to 62
*** OSCtxSw          from 59 to 62
*** OSCtxSw          from 59 to 62
*** OSCtxSw          from 59 to 62
*** OSCtxSw          from 59 to 62
*** OSCtxSw          from 59 to 62
*** OSCtxSw          from 59 to 62
*** OSCtxSw          from 59 to 62
*** OSCtxSw          from 59 to 62
*** OSCtxSw          from 59 to 62
*** OSCtxSw          from 59 to 62
*** OSCtxSw          from 59 to 62
*** OSCtxSw          from 59 to 62
*** OSCtxSw          from 59 to 62
*** OSCtxSw          from 59 to 62
*** OSCtxSw          from 59 to 62
*** OSCtxSw          from 59 to 62
*** OSCtxSw          from 59 to 62
*** OSCtxSw          from 59 to 62
*** OSCtxSw          from 59 to 62
*** OSCtxSw          from 59 to 62
*** OSCtxSw          from 59 to 62
*** OSCtxSw          from 59 to 62
--- OSScheduleEventHandler ---
*** OSCtxSw          from 59 to 62
--- OSScheduleEventHandler ---
*** OSCtxSw          from 59 to 62
--- OSScheduleEventHandler ---
*** OSCtxSw          from 59 to 62
--- OSScheduleEventHandler ---
--- OSScheduleEventHandler ---
*** OSCtxSw          from 59 to 62
--- OSScheduleEventHandler ---
*** OSCtxSw          from 59 to 62
--- OSScheduleThread: Resume from pause ---
--- OSScheduleEventHandler ---
*** OSCtxSw          from 59 to 62
--- OSScheduleEventHandler ---
*** OSCtxSw          from 62 to 63
--- OSScheduleEventHandler ---
*** OSCtxSw          from 62 to 63
*** OSScheduleThread from 59 to 62  PID=11766  TID=11766
--- OSScheduleEventHandler ---
*** OSCtxSw          from 62 to 63
--- OSScheduleEventHandler ---
*** OSCtxSw          from 62 to 63
--- OSScheduleEventHandler ---
*** OSCtxSw          from 62 to 63
--- OSScheduleEventHandler ---
*** OSCtxSw          from 62 to 63
--- Sending signal SIGSTOP to PID=11770
--- OSScheduleEventHandler ---
*** OSCtxSw          from 62 to 63
--- OSScheduleEventHandler ---
*** OSCtxSw          from 62 to 63
--- Sending signal SIGCONT to PID=11769
--- OSScheduleThread: Going to pause ---
--- OSScheduleEventHandler ---
--- OSScheduleThread: Resume from pause ---
--- Continuing task 62 ---
*** OSScheduleThread from 62 to 63  PID=11766  TID=11766
*** OSInitHookBegin  PID=11793  TID=11793
--- PID schedule thread = 11794  interrupt thread = 11795
Setting hScheduleThread priority failed
Setting hInterruptThread priority failed
*** OSScheduleThread First Call 0  0  PID=11794  TID=11794
--- OSScheduleThread: Going to pause ---
*** OSInterruptThread First Call  PID=11795  TID=11795
--- OSInterruptThread: Going to pause ---
*** OSTaskStkInit
*** OSTaskStkInit end
*** OSTaskCreateHook 63
--- PID new Task = 11796
--- Sending signal SIGSTOP to self 63 ---
*** OSTaskStkInit
*** OSTaskStkInit end
*** OSTaskCreateHook 62
--- PID new Task = 11797
--- Sending signal SIGSTOP to self 62 ---
*** OSTaskStkInit
*** OSTaskStkInit end
*** OSTaskCreateHook 59
--- PID new Task = 11798
--- Sending signal SIGSTOP to self 59 ---
*** OSTaskStkInit
*** OSTaskStkInit end
*** OSTaskCreateHook 10
--- PID new Task = 11801
--- Sending signal SIGSTOP to self 10 ---
*** OSTimeTickInit
*** OSStartHighRdy   from 10 to 10
--- Sending signal hScheduleEvent to PID=11794
--- OSScheduleEventHandler ---
--- OSScheduleThread: Resume from pause ---
*** OSScheduleThread from 10 to 10  PID=11794  TID=11794
--- Sending signal SIGCONT to PID=11801
--- OSScheduleThread: Going to pause ---
--- OSScheduleEventHandler ---
--- Continuing task 10 ---
*** OSCtxSw          from 10 to 59
--- OSScheduleEventHandler ---
--- OSScheduleThread: Resume from pause ---
*** OSScheduleThread from 10 to 59  PID=11794  TID=11794
--- Sending signal SIGSTOP to PID=11801
--- Sending signal SIGCONT to PID=11798
--- OSScheduleThread: Going to pause ---
--- OSScheduleEventHandler ---
--- Continuing task 59 ---
*** OSCtxSw          from 59 to 62
*** OSCtxSw          from 59 to 62
*** OSCtxSw          from 59 to 62
*** OSCtxSw          from 59 to 62
*** OSCtxSw          from 59 to 62
*** OSCtxSw          from 59 to 62
*** OSCtxSw          from 59 to 62
*** OSCtxSw          from 59 to 62
*** OSCtxSw          from 59 to 62
*** OSCtxSw          from 59 to 62
*** OSCtxSw          from 59 to 62
*** OSCtxSw          from 59 to 62
*** OSCtxSw          from 59 to 62
*** OSCtxSw          from 59 to 62
*** OSCtxSw          from 59 to 62
*** OSCtxSw          from 59 to 62
*** OSCtxSw          from 59 to 62
*** OSCtxSw          from 59 to 62
*** OSCtxSw          from 59 to 62
*** OSCtxSw          from 59 to 62
*** OSCtxSw          from 59 to 62
*** OSCtxSw          from 59 to 62
*** OSCtxSw          from 59 to 62
*** OSCtxSw          from 59 to 62
*** OSCtxSw          from 59 to 62
*** OSCtxSw          from 59 to 62
*** OSCtxSw          from 59 to 62
*** OSCtxSw          from 59 to 62
*** OSCtxSw          from 59 to 62
*** OSCtxSw          from 59 to 62
*** OSCtxSw          from 59 to 62
*** OSCtxSw          from 59 to 62
*** OSCtxSw          from 59 to 62
*** OSCtxSw          from 59 to 62
*** OSCtxSw          from 59 to 62
*** OSCtxSw          from 59 to 62
*** OSCtxSw          from 59 to 62
*** OSCtxSw          from 59 to 62
*** OSCtxSw          from 59 to 62
*** OSCtxSw          from 59 to 62
*** OSCtxSw          from 59 to 62
*** OSCtxSw          from 59 to 62
*** OSCtxSw          from 59 to 62
*** OSCtxSw          from 59 to 62
*** OSCtxSw          from 59 to 62
*** OSCtxSw          from 59 to 62
*** OSCtxSw          from 59 to 62
*** OSCtxSw          from 59 to 62
*** OSCtxSw          from 59 to 62
*** OSCtxSw          from 59 to 62
*** OSCtxSw          from 59 to 62
*** OSCtxSw          from 59 to 62
*** OSCtxSw          from 59 to 62
*** OSCtxSw          from 59 to 62
*** OSCtxSw          from 59 to 62
*** OSCtxSw          from 59 to 62
*** OSCtxSw          from 59 to 62
*** OSCtxSw          from 59 to 62
*** OSCtxSw          from 59 to 62
*** OSCtxSw          from 59 to 62
*** OSCtxSw          from 59 to 62
*** OSCtxSw          from 59 to 62
*** OSCtxSw          from 59 to 62
*** OSCtxSw          from 59 to 62
*** OSCtxSw          from 59 to 62
*** OSCtxSw          from 59 to 62
*** OSCtxSw          from 59 to 62
*** OSCtxSw          from 59 to 62
*** OSCtxSw          from 59 to 62
*** OSCtxSw          from 59 to 62
*** OSCtxSw          from 59 to 62
*** OSCtxSw          from 59 to 62
*** OSCtxSw          from 59 to 62
*** OSCtxSw          from 59 to 62
*** OSCtxSw          from 59 to 62
*** OSCtxSw          from 59 to 62
*** OSCtxSw          from 59 to 62
*** OSCtxSw          from 59 to 62
*** OSCtxSw          from 59 to 62
*** OSCtxSw          from 59 to 62
*** OSCtxSw          from 59 to 62
*** OSCtxSw          from 59 to 62
*** OSCtxSw          from 59 to 62
*** OSCtxSw          from 59 to 62
*** OSCtxSw          from 59 to 62
*** OSCtxSw          from 59 to 62
*** OSCtxSw          from 59 to 62
*** OSCtxSw          from 59 to 62
*** OSCtxSw          from 59 to 62
*** OSCtxSw          from 59 to 62
*** OSCtxSw          from 59 to 62
*** OSCtxSw          from 59 to 62
*** OSCtxSw          from 59 to 62
*** OSCtxSw          from 59 to 62
*** OSCtxSw          from 59 to 62
*** OSCtxSw          from 59 to 62
*** OSCtxSw          from 59 to 62
*** OSCtxSw          from 59 to 62
*** OSCtxSw          from 59 to 62
*** OSCtxSw          from 59 to 62
*** OSCtxSw          from 59 to 62
*** OSCtxSw          from 59 to 62
*** OSCtxSw          from 59 to 62
*** OSCtxSw          from 59 to 62
*** OSCtxSw          from 59 to 62
*** OSCtxSw          from 59 to 62
*** OSCtxSw          from 59 to 62
*** OSCtxSw          from 59 to 62
*** OSCtxSw          from 59 to 62
*** OSCtxSw          from 59 to 62
*** OSCtxSw          from 59 to 62
*** OSCtxSw          from 59 to 62
*** OSCtxSw          from 59 to 62
*** OSCtxSw          from 59 to 62
*** OSCtxSw          from 59 to 62
*** OSCtxSw          from 59 to 62
*** OSCtxSw          from 59 to 62
*** OSCtxSw          from 59 to 62
*** OSCtxSw          from 59 to 62
*** OSCtxSw          from 59 to 62
*** OSCtxSw          from 59 to 62
*** OSCtxSw          from 59 to 62
*** OSCtxSw          from 59 to 62
*** OSCtxSw          from 59 to 62
*** OSCtxSw          from 59 to 62
*** OSCtxSw          from 59 to 62
*** OSCtxSw          from 59 to 62
*** OSCtxSw          from 59 to 62
*** OSCtxSw          from 59 to 62
*** OSCtxSw          from 59 to 62
*** OSCtxSw          from 59 to 62
*** OSCtxSw          from 59 to 62
*** OSCtxSw          from 59 to 62
*** OSCtxSw          from 59 to 62
*** OSCtxSw          from 59 to 62
*** OSCtxSw          from 59 to 62
*** OSCtxSw          from 59 to 62
*** OSCtxSw          from 59 to 62
*** OSCtxSw          from 59 to 62
*** OSCtxSw          from 59 to 62
*** OSCtxSw          from 59 to 62
*** OSCtxSw          from 59 to 62
*** OSCtxSw          from 59 to 62
*** OSCtxSw          from 59 to 62
*** OSCtxSw          from 59 to 62
*** OSCtxSw          from 59 to 62
*** OSCtxSw          from 59 to 62
*** OSCtxSw          from 59 to 62
*** OSCtxSw          from 59 to 62
*** OSCtxSw          from 59 to 62
*** OSCtxSw          from 59 to 62
*** OSCtxSw          from 59 to 62
*** OSCtxSw          from 59 to 62
*** OSCtxSw          from 59 to 62
*** OSCtxSw          from 59 to 62
*** OSCtxSw          from 59 to 62
*** OSCtxSw          from 59 to 62
*** OSCtxSw          from 59 to 62
*** OSCtxSw          from 59 to 62
*** OSCtxSw          from 59 to 62
*** OSCtxSw          from 59 to 62
*** OSCtxSw          from 59 to 62
*** OSCtxSw          from 59 to 62
*** OSCtxSw          from 59 to 62
*** OSCtxSw          from 59 to 62
*** OSCtxSw          from 59 to 62
*** OSCtxSw          from 59 to 62
*** OSCtxSw          from 59 to 62
*** OSCtxSw          from 59 to 62
*** OSCtxSw          from 59 to 62
*** OSCtxSw          from 59 to 62
*** OSCtxSw          from 59 to 62
*** OSCtxSw          from 59 to 62
*** OSCtxSw          from 59 to 62
*** OSCtxSw          from 59 to 62
*** OSCtxSw          from 59 to 62
*** OSCtxSw          from 59 to 62
*** OSCtxSw          from 59 to 62
*** OSCtxSw          from 59 to 62
*** OSCtxSw          from 59 to 62
*** OSCtxSw          from 59 to 62
*** OSCtxSw          from 59 to 62
*** OSCtxSw          from 59 to 62
*** OSCtxSw          from 59 to 62
*** OSCtxSw          from 59 to 62
*** OSCtxSw          from 59 to 62
*** OSCtxSw          from 59 to 62
*** OSCtxSw          from 59 to 62
*** OSCtxSw          from 59 to 62
*** OSCtxSw          from 59 to 62
*** OSCtxSw          from 59 to 62
*** OSCtxSw          from 59 to 62
*** OSCtxSw          from 59 to 62
--- OSScheduleEventHandler ---
--- OSScheduleThread: Resume from pause ---
*** OSScheduleThread from 59 to 62  PID=11794  TID=11794
--- Sending signal SIGSTOP to PID=11798
--- Sending signal SIGCONT to PID=11797
--- OSScheduleThread: Going to pause ---
--- OSScheduleEventHandler ---
--- Continuing task 62 ---
*** OSCtxSw          from 62 to 63
*** OSCtxSw          from 62 to 63
*** OSCtxSw          from 62 to 63
*** OSCtxSw          from 62 to 63
*** OSCtxSw          from 62 to 63
*** OSCtxSw          from 62 to 63
*** OSCtxSw          from 62 to 63
*** OSCtxSw          from 62 to 63
*** OSCtxSw          from 62 to 63
*** OSCtxSw          from 62 to 63
*** OSCtxSw          from 62 to 63
*** OSCtxSw          from 62 to 63
*** OSCtxSw          from 62 to 63
*** OSCtxSw          from 62 to 63
*** OSCtxSw          from 62 to 63
*** OSCtxSw          from 62 to 63
*** OSCtxSw          from 62 to 63
*** OSCtxSw          from 62 to 63
*** OSCtxSw          from 62 to 63
*** OSCtxSw          from 62 to 63
*** OSCtxSw          from 62 to 63
*** OSCtxSw          from 62 to 63
*** OSCtxSw          from 62 to 63
*** OSCtxSw          from 62 to 63
*** OSCtxSw          from 62 to 63
*** OSCtxSw          from 62 to 63
*** OSCtxSw          from 62 to 63
*** OSCtxSw          from 62 to 63
*** OSCtxSw          from 62 to 63
*** OSCtxSw          from 62 to 63
*** OSCtxSw          from 62 to 63
*** OSCtxSw          from 62 to 63
*** OSCtxSw          from 62 to 63
*** OSCtxSw          from 62 to 63
*** OSCtxSw          from 62 to 63
*** OSCtxSw          from 62 to 63
*** OSCtxSw          from 62 to 63
*** OSCtxSw          from 62 to 63
*** OSCtxSw          from 62 to 63
*** OSCtxSw          from 62 to 63
*** OSCtxSw          from 62 to 63
*** OSCtxSw          from 62 to 63
*** OSCtxSw          from 62 to 63
*** OSCtxSw          from 62 to 63
*** OSCtxSw          from 62 to 63
*** OSCtxSw          from 62 to 63
*** OSCtxSw          from 62 to 63
*** OSCtxSw          from 62 to 63
*** OSCtxSw          from 62 to 63
*** OSCtxSw          from 62 to 63
*** OSCtxSw          from 62 to 63
*** OSCtxSw          from 62 to 63
*** OSCtxSw          from 62 to 63
*** OSCtxSw          from 62 to 63
*** OSCtxSw          from 62 to 63
*** OSCtxSw          from 62 to 63
*** OSCtxSw          from 62 to 63
*** OSCtxSw          from 62 to 63
*** OSCtxSw          from 62 to 63
*** OSCtxSw          from 62 to 63
*** OSCtxSw          from 62 to 63
*** OSCtxSw          from 62 to 63
*** OSCtxSw          from 62 to 63
*** OSCtxSw          from 62 to 63
*** OSCtxSw          from 62 to 63
*** OSCtxSw          from 62 to 63
*** OSCtxSw          from 62 to 63
*** OSCtxSw          from 62 to 63
*** OSCtxSw          from 62 to 63
*** OSCtxSw          from 62 to 63
*** OSCtxSw          from 62 to 63
*** OSCtxSw          from 62 to 63
*** OSCtxSw          from 62 to 63
*** OSCtxSw          from 62 to 63
*** OSCtxSw          from 62 to 63
*** OSCtxSw          from 62 to 63
*** OSCtxSw          from 62 to 63
*** OSCtxSw          from 62 to 63
*** OSCtxSw          from 62 to 63
*** OSCtxSw          from 62 to 63
*** OSCtxSw          from 62 to 63
*** OSCtxSw          from 62 to 63
*** OSCtxSw          from 62 to 63
*** OSCtxSw          from 62 to 63
*** OSCtxSw          from 62 to 63
*** OSCtxSw          from 62 to 63
*** OSCtxSw          from 62 to 63
*** OSCtxSw          from 62 to 63
*** OSCtxSw          from 62 to 63
*** OSCtxSw          from 62 to 63
*** OSCtxSw          from 62 to 63
*** OSCtxSw          from 62 to 63
*** OSCtxSw          from 62 to 63
*** OSCtxSw          from 62 to 63
*** OSCtxSw          from 62 to 63
*** OSCtxSw          from 62 to 63
*** OSCtxSw          from 62 to 63
*** OSCtxSw          from 62 to 63
*** OSCtxSw          from 62 to 63
*** OSCtxSw          from 62 to 63
*** OSCtxSw          from 62 to 63
*** OSCtxSw          from 62 to 63
*** OSCtxSw          from 62 to 63
*** OSCtxSw          from 62 to 63
*** OSCtxSw          from 62 to 63
*** OSCtxSw          from 62 to 63
*** OSCtxSw          from 62 to 63
*** OSCtxSw          from 62 to 63
*** OSCtxSw          from 62 to 63
*** OSCtxSw          from 62 to 63
*** OSCtxSw          from 62 to 63
*** OSCtxSw          from 62 to 63
*** OSCtxSw          from 62 to 63
*** OSCtxSw          from 62 to 63
*** OSCtxSw          from 62 to 63
*** OSCtxSw          from 62 to 63
*** OSCtxSw          from 62 to 63
*** OSCtxSw          from 62 to 63
*** OSCtxSw          from 62 to 63
*** OSCtxSw          from 62 to 63
*** OSCtxSw          from 62 to 63
*** OSCtxSw          from 62 to 63
*** OSCtxSw          from 62 to 63
*** OSCtxSw          from 62 to 63
*** OSCtxSw          from 62 to 63
*** OSCtxSw          from 62 to 63
*** OSCtxSw          from 62 to 63
*** OSCtxSw          from 62 to 63
*** OSCtxSw          from 62 to 63
*** OSCtxSw          from 62 to 63
*** OSCtxSw          from 62 to 63
*** OSCtxSw          from 62 to 63
*** OSCtxSw          from 62 to 63
*** OSCtxSw          from 62 to 63
*** OSCtxSw          from 62 to 63
*** OSCtxSw          from 62 to 63
*** OSCtxSw          from 62 to 63
*** OSCtxSw          from 62 to 63
*** OSCtxSw          from 62 to 63
*** OSCtxSw          from 62 to 63
*** OSCtxSw          from 62 to 63
*** OSCtxSw          from 62 to 63
*** OSCtxSw          from 62 to 63
*** OSCtxSw          from 62 to 63
*** OSCtxSw          from 62 to 63
*** OSCtxSw          from 62 to 63
*** OSCtxSw          from 62 to 63
*** OSCtxSw          from 62 to 63
*** OSCtxSw          from 62 to 63
*** OSCtxSw          from 62 to 63
*** OSCtxSw          from 62 to 63
*** OSCtxSw          from 62 to 63
*** OSCtxSw          from 62 to 63
*** OSCtxSw          from 62 to 63
*** OSCtxSw          from 62 to 63
*** OSCtxSw          from 62 to 63
*** OSCtxSw          from 62 to 63
*** OSCtxSw          from 62 to 63
*** OSCtxSw          from 62 to 63
*** OSCtxSw          from 62 to 63
*** OSCtxSw          from 62 to 63
*** OSCtxSw          from 62 to 63
*** OSCtxSw          from 62 to 63
*** OSCtxSw          from 62 to 63
*** OSCtxSw          from 62 to 63
*** OSCtxSw          from 62 to 63
*** OSCtxSw          from 62 to 63
*** OSCtxSw          from 62 to 63
*** OSCtxSw          from 62 to 63
*** OSCtxSw          from 62 to 63
*** OSCtxSw          from 62 to 63
*** OSCtxSw          from 62 to 63
*** OSCtxSw          from 62 to 63
*** OSCtxSw          from 62 to 63
*** OSCtxSw          from 62 to 63
*** OSCtxSw          from 62 to 63
*** OSCtxSw          from 62 to 63
*** OSCtxSw          from 62 to 63
*** OSCtxSw          from 62 to 63
*** OSCtxSw          from 62 to 63
*** OSCtxSw          from 62 to 63
*** OSCtxSw          from 62 to 63
*** OSCtxSw          from 62 to 63
*** OSCtxSw          from 62 to 63
*** OSCtxSw          from 62 to 63
*** OSCtxSw          from 62 to 63
*** OSCtxSw          from 62 to 63
*** OSCtxSw          from 62 to 63
*** OSCtxSw          from 62 to 63
*** OSCtxSw          from 62 to 63
*** OSCtxSw          from 62 to 63
*** OSCtxSw          from 62 to 63
*** OSCtxSw          from 62 to 63
*** OSCtxSw          from 62 to 63
*** OSCtxSw          from 62 to 63
*** OSCtxSw          from 62 to 63
*** OSCtxSw          from 62 to 63
*** OSCtxSw          from 62 to 63
*** OSCtxSw          from 62 to 63
*** OSCtxSw          from 62 to 63
*** OSCtxSw          from 62 to 63
*** OSCtxSw          from 62 to 63
*** OSCtxSw          from 62 to 63
*** OSCtxSw          from 62 to 63
*** OSCtxSw          from 62 to 63
*** OSCtxSw          from 62 to 63
*** OSCtxSw          from 62 to 63
*** OSCtxSw          from 62 to 63
*** OSCtxSw          from 62 to 63
*** OSCtxSw          from 62 to 63
*** OSCtxSw          from 62 to 63
*** OSCtxSw          from 62 to 63
*** OSCtxSw          from 62 to 63
*** OSCtxSw          from 62 to 63
*** OSCtxSw          from 62 to 63
*** OSCtxSw          from 62 to 63
*** OSCtxSw          from 62 to 63
*** OSCtxSw          from 62 to 63
*** OSCtxSw          from 62 to 63
--- OSScheduleEventHandler ---
*** OSCtxSw          from 62 to 63
--- OSScheduleEventHandler ---
*** OSCtxSw          from 62 to 63
--- OSScheduleEventHandler ---
*** OSCtxSw          from 62 to 63
--- OSScheduleEventHandler ---
*** OSCtxSw          from 62 to 63
--- OSScheduleEventHandler ---
*** OSCtxSw          from 62 to 63
--- OSScheduleEventHandler ---
--- OSScheduleEventHandler ---
*** OSCtxSw          from 62 to 63
--- OSScheduleEventHandler ---
*** OSCtxSw          from 62 to 63
--- OSScheduleThread: Resume from pause ---
--- OSScheduleEventHandler ---
*** OSCtxSw          from 62 to 63
